<?xml version="1.0" encoding="UTF-8"?>
<!-- Generated by org.testng.reporters.JUnitReportReporter -->
<testsuite skipped="0" hostname="PankajKumar-HP" name="com.Test_API.Car_Api" tests="4" failures="0" timestamp="09 Aug 2020 17:27:46 GMT" time="0.633" errors="0">
  <testcase name="printBlueCar" time="0.537" classname="com.Test_API.Car_Api"/>
  <testcase name="lowestPriceOnly" time="0.033" classname="com.Test_API.Car_Api"/>
  <testcase name="lowestPriceAfterDiscount" time="0.022" classname="com.Test_API.Car_Api"/>
  <testcase name="highestRevenue" time="0.041" classname="com.Test_API.Car_Api"/>
</testsuite> <!-- com.Test_API.Car_Api -->
