<?xml version="1.0" encoding="UTF-8"?>
<!-- Generated by org.testng.reporters.JUnitReportReporter -->
<testsuite skipped="0" hostname="PankajKumar-HP" name="com.Test_API.Car_Api" tests="4" failures="0" timestamp="13 Aug 2020 15:38:20 GMT" time="4.021" errors="0">
  <testcase name="printBlueCar" time="3.960" classname="com.Test_API.Car_Api"/>
  <testcase name="lowestPriceOnly" time="0.026" classname="com.Test_API.Car_Api"/>
  <testcase name="lowestPriceAfterDiscount" time="0.017" classname="com.Test_API.Car_Api"/>
  <testcase name="highestRevenue" time="0.018" classname="com.Test_API.Car_Api"/>
</testsuite> <!-- com.Test_API.Car_Api -->
